TN:
SF:src/app.controller.ts
FN:6,(anonymous_2)
FN:9,(anonymous_3)
FNF:2
FNH:2
FNDA:2,(anonymous_2)
FNDA:1,(anonymous_3)
DA:1,1
DA:2,1
DA:5,1
DA:6,2
DA:9,1
DA:10,1
LF:6
LH:6
BRF:0
BRH:0
end_of_record
TN:
SF:src/app.module.ts
FN:33,(anonymous_1)
FNF:1
FNH:0
FNDA:0,(anonymous_1)
DA:1,0
DA:2,0
DA:3,0
DA:4,0
DA:5,0
DA:8,0
DA:9,0
DA:10,0
DA:11,0
DA:12,0
DA:13,0
DA:14,0
DA:15,0
DA:34,0
DA:35,0
DA:63,0
LF:16
LH:0
BRF:0
BRH:0
end_of_record
TN:
SF:src/app.service.ts
FN:5,(anonymous_1)
FNF:1
FNH:0
FNDA:0,(anonymous_1)
DA:1,1
DA:4,1
DA:6,0
LF:3
LH:2
BRF:0
BRH:0
end_of_record
TN:
SF:src/main.ts
FN:9,bootstrap
FN:18,(anonymous_1)
FNF:2
FNH:0
FNDA:0,bootstrap
FNDA:0,(anonymous_1)
DA:1,0
DA:2,0
DA:4,0
DA:5,0
DA:6,0
DA:10,0
DA:12,0
DA:14,0
DA:15,0
DA:16,0
DA:18,0
DA:19,0
DA:20,0
DA:22,0
DA:25,0
DA:34,0
DA:43,0
DA:44,0
DA:46,0
DA:48,0
LF:20
LH:0
BRDA:19,0,0,0
BRDA:19,1,0,0
BRDA:19,1,1,0
BRDA:46,2,0,0
BRDA:46,2,1,0
BRF:5
BRH:0
end_of_record
TN:
SF:src/auth/auth.controller.ts
FN:19,(anonymous_4)
FN:22,(anonymous_5)
FN:27,(anonymous_6)
FN:33,(anonymous_7)
FN:42,(anonymous_8)
FN:51,(anonymous_9)
FNF:6
FNH:6
FNDA:6,(anonymous_4)
FNDA:1,(anonymous_5)
FNDA:1,(anonymous_6)
FNDA:1,(anonymous_7)
FNDA:1,(anonymous_8)
FNDA:1,(anonymous_9)
DA:1,2
DA:9,2
DA:10,2
DA:11,2
DA:12,2
DA:13,2
DA:14,2
DA:15,2
DA:18,2
DA:19,6
DA:22,2
DA:23,1
DA:27,2
DA:28,1
DA:33,2
DA:34,1
DA:42,2
DA:43,1
DA:51,2
DA:52,1
LF:20
LH:20
BRF:0
BRH:0
end_of_record
TN:
SF:src/auth/auth.module.ts
FN:24,(anonymous_1)
FNF:1
FNH:0
FNDA:0,(anonymous_1)
DA:1,1
DA:2,1
DA:3,1
DA:4,1
DA:5,1
DA:7,1
DA:8,1
DA:9,1
DA:10,1
DA:11,1
DA:12,1
DA:24,0
DA:35,1
LF:13
LH:12
BRF:0
BRH:0
end_of_record
TN:
SF:src/auth/auth.service.ts
FN:20,(anonymous_2)
FN:26,(anonymous_3)
FN:48,(anonymous_4)
FN:105,(anonymous_5)
FN:106,(anonymous_6)
FN:117,(anonymous_7)
FN:125,(anonymous_8)
FNF:7
FNH:5
FNDA:8,(anonymous_2)
FNDA:2,(anonymous_3)
FNDA:3,(anonymous_4)
FNDA:2,(anonymous_5)
FNDA:0,(anonymous_6)
FNDA:2,(anonymous_7)
FNDA:0,(anonymous_8)
DA:1,3
DA:7,3
DA:8,3
DA:10,3
DA:12,3
DA:16,3
DA:19,3
DA:21,8
DA:22,8
DA:23,8
DA:27,2
DA:28,2
DA:29,2
DA:30,1
DA:33,1
DA:38,1
DA:39,1
DA:44,1
DA:49,3
DA:51,3
DA:53,3
DA:54,1
DA:57,2
DA:58,1
DA:61,1
DA:62,0
DA:65,1
DA:66,1
DA:67,0
DA:70,1
DA:71,1
DA:106,2
DA:108,2
DA:109,1
DA:113,1
DA:118,2
DA:126,0
DA:127,0
DA:129,0
LF:39
LH:34
BRDA:29,0,0,1
BRDA:53,1,0,1
BRDA:53,2,0,3
BRDA:53,2,1,2
BRDA:57,3,0,1
BRDA:61,4,0,0
BRDA:66,5,0,0
BRDA:108,6,0,1
BRDA:108,7,0,2
BRDA:108,7,1,2
BRDA:126,8,0,0
BRF:11
BRH:8
end_of_record
TN:
SF:src/auth/decorators/auth.decorator.ts
FN:7,Auth
FNF:1
FNH:1
FNDA:37,Auth
DA:1,8
DA:3,8
DA:4,8
DA:5,8
DA:7,8
DA:8,37
LF:6
LH:6
BRF:0
BRH:0
end_of_record
TN:
SF:src/auth/decorators/role-protected.decorator.ts
FN:6,(anonymous_0)
FNF:1
FNH:1
FNDA:37,(anonymous_0)
DA:1,8
DA:4,8
DA:6,8
DA:7,37
LF:4
LH:4
BRF:0
BRH:0
end_of_record
TN:
SF:src/auth/decorators/get-user/get-user.decorator.ts
FN:5,(anonymous_0)
FNF:1
FNH:0
FNDA:0,(anonymous_0)
DA:1,6
DA:4,6
DA:6,0
DA:7,0
LF:4
LH:2
BRF:0
BRH:0
end_of_record
TN:
SF:src/auth/dtos/create-user.dto.ts
FNF:0
FNH:0
DA:2,3
DA:4,3
DA:7,3
DA:11,3
DA:16,3
DA:20,3
DA:24,3
DA:28,3
LF:8
LH:8
BRF:0
BRH:0
end_of_record
TN:
SF:src/auth/dtos/login-user.dto.ts
FNF:0
FNH:0
DA:1,2
DA:3,2
DA:6,2
DA:9,2
LF:4
LH:4
BRF:0
BRH:0
end_of_record
TN:
SF:src/auth/entities/user.entity.ts
FN:36,(anonymous_2)
FN:41,(anonymous_3)
FNF:2
FNH:0
FNDA:0,(anonymous_2)
FNDA:0,(anonymous_3)
DA:1,1
DA:10,1
DA:12,1
DA:15,1
DA:18,1
DA:21,1
DA:24,1
DA:27,1
DA:30,1
DA:33,1
DA:36,1
DA:37,0
DA:41,1
DA:42,0
LF:14
LH:12
BRF:0
BRH:0
end_of_record
TN:
SF:src/auth/guards/jwt-auth.guard.ts
FN:7,(anonymous_1)
FN:12,(anonymous_2)
FNF:2
FNH:1
FNDA:0,(anonymous_1)
FNDA:2,(anonymous_2)
DA:1,9
DA:2,9
DA:6,9
DA:8,0
DA:9,0
DA:13,2
DA:14,2
DA:15,2
DA:16,2
DA:17,2
DA:18,2
DA:19,2
DA:22,0
DA:23,0
DA:24,0
DA:27,0
LF:16
LH:10
BRDA:17,0,0,2
BRDA:17,1,0,2
BRDA:17,1,1,1
BRDA:19,2,0,2
BRDA:19,2,1,1
BRDA:22,3,0,0
BRDA:22,4,0,0
BRDA:22,4,1,0
BRF:8
BRH:5
end_of_record
TN:
SF:src/auth/guards/user-role.guard.ts
FN:8,(anonymous_2)
FN:12,(anonymous_3)
FN:27,(anonymous_4)
FNF:3
FNH:2
FNDA:37,(anonymous_2)
FNDA:1,(anonymous_3)
FNDA:0,(anonymous_4)
DA:1,9
DA:2,9
DA:7,9
DA:9,37
DA:13,1
DA:15,1
DA:17,0
DA:18,0
DA:20,0
DA:21,0
DA:24,0
DA:25,0
DA:27,0
DA:29,0
DA:30,0
DA:35,0
LF:16
LH:6
BRDA:15,0,0,1
BRDA:15,1,0,1
BRDA:15,1,1,0
BRDA:20,2,0,0
BRDA:29,3,0,0
BRF:5
BRH:2
end_of_record
TN:
SF:src/auth/interfaces/valid-roles.ts
FN:1,(anonymous_0)
FNF:1
FNH:1
FNDA:10,(anonymous_0)
DA:1,10
DA:2,10
DA:3,10
DA:4,10
DA:5,10
DA:6,10
DA:9,10
LF:7
LH:7
BRDA:1,0,0,10
BRDA:1,0,1,10
BRF:2
BRH:2
end_of_record
TN:
SF:src/auth/strategies/jwt.strategy.ts
FN:12,(anonymous_2)
FN:24,(anonymous_3)
FNF:2
FNH:0
FNDA:0,(anonymous_2)
FNDA:0,(anonymous_3)
DA:1,1
DA:2,1
DA:3,1
DA:4,1
DA:6,1
DA:11,1
DA:13,0
DA:16,0
DA:25,0
DA:26,0
LF:10
LH:6
BRF:0
BRH:0
end_of_record
TN:
SF:src/contract/contract.controller.ts
FN:15,(anonymous_4)
FN:19,(anonymous_5)
FN:25,(anonymous_6)
FN:32,(anonymous_7)
FNF:4
FNH:1
FNDA:1,(anonymous_4)
FNDA:0,(anonymous_5)
FNDA:0,(anonymous_6)
FNDA:0,(anonymous_7)
DA:1,1
DA:7,1
DA:8,1
DA:9,1
DA:10,1
DA:11,1
DA:14,1
DA:15,1
DA:19,1
DA:20,0
DA:25,1
DA:26,0
DA:32,1
DA:33,0
LF:14
LH:11
BRF:0
BRH:0
end_of_record
TN:
SF:src/contract/contract.module.ts
FNF:0
FNH:0
DA:1,0
DA:2,0
DA:3,0
DA:4,0
DA:5,0
DA:6,0
DA:16,0
LF:7
LH:0
BRF:0
BRH:0
end_of_record
TN:
SF:src/contract/contract.service.ts
FN:12,(anonymous_4)
FN:19,(anonymous_5)
FN:33,(anonymous_6)
FN:39,(anonymous_7)
FN:46,(anonymous_8)
FNF:5
FNH:5
FNDA:7,(anonymous_4)
FNDA:2,(anonymous_5)
FNDA:1,(anonymous_6)
FNDA:1,(anonymous_7)
FNDA:2,(anonymous_8)
DA:1,5
DA:2,5
DA:3,5
DA:6,5
DA:7,5
DA:8,5
DA:11,5
DA:14,7
DA:20,2
DA:30,2
DA:34,1
DA:40,1
DA:47,2
DA:52,2
DA:53,1
DA:56,1
DA:57,0
DA:60,1
LF:18
LH:17
BRDA:25,0,0,2
BRDA:25,0,1,1
BRDA:52,1,0,1
BRDA:56,2,0,0
BRDA:56,3,0,1
BRDA:56,3,1,0
BRDA:56,3,2,0
BRDA:68,4,0,0
BRDA:68,4,1,0
BRDA:69,5,0,0
BRDA:69,5,1,0
BRDA:70,6,0,0
BRDA:70,6,1,0
BRDA:71,7,0,0
BRDA:71,7,1,0
BRF:15
BRH:4
end_of_record
TN:
SF:src/contract/dto/contract-detail.dto.ts
FNF:0
FNH:0
DA:1,5
DA:5,5
DA:7,5
DA:10,5
DA:13,5
DA:16,5
DA:19,5
DA:22,5
DA:29,5
LF:9
LH:9
BRF:0
BRH:0
end_of_record
TN:
SF:src/contract/dto/create-contract.dto.ts
FNF:0
FNH:0
DA:1,0
LF:1
LH:0
BRF:0
BRH:0
end_of_record
TN:
SF:src/contract/dto/update-contract.dto.ts
FNF:0
FNH:0
DA:1,0
DA:2,0
DA:4,0
LF:3
LH:0
BRF:0
BRH:0
end_of_record
TN:
SF:src/contract/entities/contract.entity.ts
FN:22,(anonymous_2)
FN:22,(anonymous_3)
FN:26,(anonymous_4)
FNF:3
FNH:0
FNDA:0,(anonymous_2)
FNDA:0,(anonymous_3)
FNDA:0,(anonymous_4)
DA:1,8
DA:2,8
DA:3,8
DA:6,8
DA:8,8
DA:11,8
DA:14,8
DA:17,8
DA:20,8
DA:22,0
DA:24,8
DA:26,0
DA:28,8
LF:13
LH:11
BRF:0
BRH:0
end_of_record
TN:
SF:src/deliveries/deliveries.controller.ts
FN:8,(anonymous_4)
FN:11,(anonymous_5)
FN:17,(anonymous_6)
FN:22,(anonymous_7)
FN:27,(anonymous_8)
FN:32,(anonymous_9)
FNF:6
FNH:6
FNDA:7,(anonymous_4)
FNDA:1,(anonymous_5)
FNDA:1,(anonymous_6)
FNDA:1,(anonymous_7)
FNDA:1,(anonymous_8)
FNDA:1,(anonymous_9)
DA:1,2
DA:2,2
DA:3,2
DA:4,2
DA:7,2
DA:8,7
DA:11,2
DA:12,1
DA:13,1
DA:17,2
DA:18,1
DA:22,2
DA:23,1
DA:27,2
DA:28,1
DA:32,2
DA:33,1
LF:17
LH:17
BRF:0
BRH:0
end_of_record
TN:
SF:src/deliveries/deliveries.module.ts
FNF:0
FNH:0
DA:1,0
DA:2,0
DA:4,0
DA:5,0
DA:6,0
DA:13,0
LF:6
LH:0
BRF:0
BRH:0
end_of_record
TN:
SF:src/deliveries/deliveries.service.ts
FN:12,(anonymous_4)
FN:17,(anonymous_5)
FN:48,(anonymous_6)
FN:52,(anonymous_7)
FN:61,(anonymous_8)
FN:70,(anonymous_9)
FNF:6
FNH:6
FNDA:6,(anonymous_4)
FNDA:1,(anonymous_5)
FNDA:1,(anonymous_6)
FNDA:1,(anonymous_7)
FNDA:1,(anonymous_8)
FNDA:1,(anonymous_9)
DA:1,3
DA:2,3
DA:3,3
DA:7,3
DA:10,3
DA:14,6
DA:18,1
DA:19,1
DA:20,1
DA:23,1
DA:24,0
DA:26,1
DA:27,0
DA:29,1
DA:30,0
DA:33,1
DA:43,1
DA:44,1
DA:49,1
DA:53,1
DA:57,1
DA:58,1
DA:62,1
DA:63,1
DA:64,1
DA:65,1
DA:67,1
DA:71,1
DA:72,1
DA:73,1
DA:74,1
LF:31
LH:28
BRDA:23,0,0,0
BRDA:26,1,0,0
BRDA:26,2,0,1
BRDA:26,2,1,1
BRDA:29,3,0,0
BRDA:29,4,0,1
BRDA:29,4,1,1
BRDA:57,5,0,0
BRDA:63,6,0,0
BRDA:72,7,0,0
BRF:10
BRH:4
end_of_record
TN:
SF:src/deliveries/dto/create-delivery.dto.ts
FN:11,(anonymous_2)
FN:15,(anonymous_3)
FN:19,(anonymous_4)
FNF:3
FNH:0
FNDA:0,(anonymous_2)
FNDA:0,(anonymous_3)
FNDA:0,(anonymous_4)
DA:1,2
DA:2,2
DA:6,2
DA:9,2
DA:11,0
DA:12,2
DA:15,0
DA:16,2
DA:19,0
DA:20,2
DA:24,2
DA:28,2
DA:32,2
DA:36,2
LF:14
LH:11
BRF:0
BRH:0
end_of_record
TN:
SF:src/deliveries/dto/update-delivery.dto.ts
FNF:0
FNH:0
DA:1,2
DA:2,2
DA:3,2
DA:5,2
DA:8,2
DA:12,2
LF:6
LH:6
BRF:0
BRH:0
end_of_record
TN:
SF:src/deliveries/entities/delivery.entity.ts
FN:12,(anonymous_2)
FN:16,(anonymous_3)
FN:20,(anonymous_4)
FNF:3
FNH:0
FNDA:0,(anonymous_2)
FNDA:0,(anonymous_3)
FNDA:0,(anonymous_4)
DA:1,3
DA:2,3
DA:3,3
DA:7,3
DA:10,3
DA:12,0
DA:14,3
DA:16,0
DA:18,3
DA:20,0
DA:22,3
DA:25,3
DA:28,3
DA:31,3
DA:34,3
DA:37,3
DA:40,3
LF:17
LH:14
BRF:0
BRH:0
end_of_record
TN:
SF:src/equipments/equipments.controller.ts
FN:18,(anonymous_4)
FN:21,(anonymous_5)
FN:26,(anonymous_6)
FN:31,(anonymous_7)
FN:36,(anonymous_8)
FN:44,(anonymous_9)
FNF:6
FNH:6
FNDA:13,(anonymous_4)
FNDA:2,(anonymous_5)
FNDA:2,(anonymous_6)
FNDA:2,(anonymous_7)
FNDA:3,(anonymous_8)
FNDA:3,(anonymous_9)
DA:1,1
DA:10,1
DA:11,1
DA:12,1
DA:17,1
DA:18,13
DA:21,1
DA:22,2
DA:26,1
DA:27,2
DA:31,1
DA:32,2
DA:36,1
DA:40,3
DA:44,1
DA:45,3
LF:16
LH:16
BRF:0
BRH:0
end_of_record
TN:
SF:src/equipments/equipments.module.ts
FNF:0
FNH:0
DA:1,0
DA:2,0
DA:4,0
DA:5,0
DA:6,0
DA:7,0
DA:8,0
DA:9,0
DA:24,0
LF:9
LH:0
BRF:0
BRH:0
end_of_record
TN:
SF:src/equipments/equipments.service.ts
FN:14,(anonymous_4)
FN:28,(anonymous_5)
FN:66,(anonymous_6)
FN:71,(anonymous_7)
FN:74,(anonymous_8)
FN:87,(anonymous_9)
FN:125,(anonymous_10)
FN:158,(anonymous_11)
FN:169,(anonymous_12)
FNF:9
FNH:9
FNDA:19,(anonymous_4)
FNDA:1,(anonymous_5)
FNDA:1,(anonymous_6)
FNDA:1,(anonymous_7)
FNDA:1,(anonymous_8)
FNDA:6,(anonymous_9)
FNDA:4,(anonymous_10)
FNDA:2,(anonymous_11)
FNDA:4,(anonymous_12)
DA:1,5
DA:2,5
DA:3,5
DA:5,5
DA:6,5
DA:7,5
DA:8,5
DA:13,5
DA:16,19
DA:19,19
DA:22,19
DA:25,19
DA:29,1
DA:30,1
DA:31,1
DA:33,1
DA:34,1
DA:37,1
DA:39,1
DA:40,1
DA:41,1
DA:43,1
DA:46,0
DA:47,0
DA:48,0
DA:50,0
DA:53,0
DA:54,0
DA:55,0
DA:57,0
DA:60,0
DA:63,1
DA:67,1
DA:71,1
DA:75,1
DA:80,1
DA:81,0
DA:84,1
DA:88,6
DA:93,6
DA:94,1
DA:97,5
DA:99,5
DA:101,2
DA:102,1
DA:103,1
DA:105,2
DA:108,1
DA:109,1
DA:110,1
DA:112,1
DA:115,1
DA:116,1
DA:117,1
DA:119,1
DA:122,5
DA:126,4
DA:131,4
DA:132,1
DA:135,3
DA:137,1
DA:138,1
DA:140,1
DA:143,1
DA:144,1
DA:146,1
DA:149,1
DA:150,1
DA:152,1
DA:155,3
DA:159,2
DA:161,2
DA:162,1
DA:165,1
DA:166,1
DA:172,4
DA:173,1
DA:174,3
DA:175,1
DA:177,2
DA:180,4
LF:81
LH:71
BRDA:33,0,0,1
BRDA:37,1,0,1
BRDA:37,1,1,0
BRDA:37,1,2,0
BRDA:37,1,3,0
BRDA:39,2,0,1
BRDA:46,3,0,0
BRDA:53,4,0,0
BRDA:80,5,0,0
BRDA:93,6,0,1
BRDA:99,7,0,2
BRDA:99,7,1,1
BRDA:99,7,2,1
BRDA:101,8,0,1
BRDA:108,9,0,1
BRDA:115,10,0,1
BRDA:131,11,0,1
BRDA:135,12,0,1
BRDA:135,12,1,1
BRDA:135,12,2,1
BRDA:137,13,0,1
BRDA:143,14,0,1
BRDA:149,15,0,1
BRDA:161,16,0,1
BRDA:172,17,0,1
BRDA:172,17,1,3
BRDA:174,18,0,1
BRDA:174,18,1,2
BRF:28
BRH:22
end_of_record
TN:
SF:src/equipments/dto/create-equipment.dto.ts
FN:82,(anonymous_2)
FN:87,(anonymous_3)
FN:92,(anonymous_4)
FNF:3
FNH:0
FNDA:0,(anonymous_2)
FNDA:0,(anonymous_3)
FNDA:0,(anonymous_4)
DA:1,1
DA:7,1
DA:9,1
DA:11,1
DA:14,1
DA:17,1
DA:20,1
DA:23,1
DA:25,1
DA:28,1
DA:31,1
DA:34,1
DA:36,1
DA:39,1
DA:42,1
DA:45,1
DA:48,1
DA:50,1
DA:53,1
DA:56,1
DA:59,1
DA:62,1
DA:65,1
DA:68,1
DA:71,1
DA:74,1
DA:78,1
DA:82,0
DA:83,1
DA:87,0
DA:88,1
DA:92,0
DA:93,1
LF:33
LH:30
BRF:0
BRH:0
end_of_record
TN:
SF:src/equipments/dto/equipment-response.dto.ts
FNF:0
FNH:0
DA:1,0
LF:1
LH:0
BRF:0
BRH:0
end_of_record
TN:
SF:src/equipments/dto/update-equipment.dto.ts
FNF:0
FNH:0
DA:1,1
DA:3,1
DA:5,1
LF:3
LH:3
BRF:0
BRH:0
end_of_record
TN:
SF:src/equipments/entities/computer-specs.entity.ts
FNF:0
FNH:0
DA:1,17
DA:4,17
DA:6,17
DA:9,17
DA:12,17
DA:15,17
DA:18,17
LF:7
LH:7
BRF:0
BRH:0
end_of_record
TN:
SF:src/equipments/entities/equipment.entity.ts
FN:54,(anonymous_2)
FN:58,(anonymous_3)
FN:62,(anonymous_4)
FNF:3
FNH:0
FNDA:0,(anonymous_2)
FNDA:0,(anonymous_3)
FNDA:0,(anonymous_4)
DA:1,17
DA:10,17
DA:11,17
DA:12,17
DA:16,17
DA:18,17
DA:21,17
DA:24,17
DA:27,17
DA:30,17
DA:33,17
DA:36,17
DA:39,17
DA:42,17
DA:45,17
DA:48,17
DA:51,17
DA:54,0
DA:56,17
DA:58,0
DA:60,17
DA:62,0
DA:64,17
LF:23
LH:20
BRF:0
BRH:0
end_of_record
TN:
SF:src/equipments/entities/phone-specs.entity.ts
FNF:0
FNH:0
DA:1,17
DA:4,17
DA:6,17
DA:9,17
DA:12,17
DA:15,17
DA:18,17
LF:7
LH:7
BRF:0
BRH:0
end_of_record
TN:
SF:src/equipments/entities/printer-specs.entity.ts
FNF:0
FNH:0
DA:1,17
DA:4,17
DA:6,17
DA:9,17
DA:12,17
DA:15,17
LF:6
LH:6
BRF:0
BRH:0
end_of_record
TN:
SF:src/labs/labs.controller.ts
FN:12,(anonymous_4)
FN:16,(anonymous_5)
FN:26,(anonymous_6)
FN:31,(anonymous_7)
FN:36,(anonymous_8)
FN:41,(anonymous_9)
FN:46,(anonymous_10)
FN:51,(anonymous_11)
FNF:8
FNH:6
FNDA:6,(anonymous_4)
FNDA:0,(anonymous_5)
FNDA:0,(anonymous_6)
FNDA:1,(anonymous_7)
FNDA:1,(anonymous_8)
FNDA:1,(anonymous_9)
FNDA:1,(anonymous_10)
FNDA:1,(anonymous_11)
DA:1,1
DA:2,1
DA:3,1
DA:4,1
DA:5,1
DA:6,1
DA:7,1
DA:8,1
DA:11,1
DA:12,6
DA:16,1
DA:21,0
DA:26,1
DA:27,0
DA:31,1
DA:32,1
DA:36,1
DA:37,1
DA:41,1
DA:42,1
DA:46,1
DA:47,1
DA:51,1
DA:52,1
LF:24
LH:22
BRF:0
BRH:0
end_of_record
TN:
SF:src/labs/labs.module.ts
FNF:0
FNH:0
DA:1,0
DA:2,0
DA:3,0
DA:4,0
DA:5,0
DA:6,0
DA:7,0
DA:9,0
DA:19,0
LF:9
LH:0
BRF:0
BRH:0
end_of_record
TN:
SF:src/labs/labs.service.ts
FN:14,(anonymous_4)
FN:28,(anonymous_5)
FN:34,(anonymous_6)
FN:39,(anonymous_7)
FN:50,(anonymous_8)
FN:61,(anonymous_9)
FN:71,(anonymous_10)
FN:96,(anonymous_11)
FNF:8
FNH:8
FNDA:13,(anonymous_4)
FNDA:1,(anonymous_5)
FNDA:1,(anonymous_6)
FNDA:2,(anonymous_7)
FNDA:2,(anonymous_8)
FNDA:2,(anonymous_9)
FNDA:3,(anonymous_10)
FNDA:1,(anonymous_11)
DA:1,2
DA:2,2
DA:3,2
DA:7,2
DA:8,2
DA:9,2
DA:10,2
DA:13,2
DA:16,13
DA:19,13
DA:22,13
DA:25,13
DA:29,1
DA:30,1
DA:31,1
DA:35,1
DA:36,1
DA:40,2
DA:45,2
DA:47,1
DA:51,2
DA:53,2
DA:55,1
DA:56,1
DA:58,1
DA:62,2
DA:64,2
DA:66,1
DA:68,1
DA:72,3
DA:77,3
DA:78,2
DA:80,1
DA:85,1
DA:87,1
DA:88,1
DA:90,1
DA:91,1
DA:93,1
DA:97,1
DA:102,1
DA:104,0
DA:105,0
DA:107,0
DA:108,0
DA:110,0
DA:112,0
LF:47
LH:41
BRDA:45,0,0,1
BRDA:53,1,0,1
BRDA:64,2,0,1
BRDA:77,3,0,1
BRDA:78,4,0,1
BRDA:102,5,0,1
BRF:6
BRH:6
end_of_record
TN:
SF:src/labs/dto/create-lab.dto.ts
FNF:0
FNH:0
DA:1,1
LF:1
LH:1
BRF:0
BRH:0
end_of_record
TN:
SF:src/labs/dto/update-lab.dto.ts
FNF:0
FNH:0
DA:1,1
DA:2,1
DA:4,1
LF:3
LH:3
BRF:0
BRH:0
end_of_record
TN:
SF:src/labs/entities/lab.entity.ts
FN:10,(anonymous_2)
FN:14,(anonymous_3)
FNF:2
FNH:0
FNDA:0,(anonymous_2)
FNDA:0,(anonymous_3)
DA:1,2
DA:2,2
DA:3,2
DA:6,2
DA:8,2
DA:10,0
DA:12,2
DA:14,0
DA:16,2
DA:19,2
DA:22,2
DA:25,2
LF:12
LH:10
BRF:0
BRH:0
end_of_record
TN:
SF:src/rentals/rentals.controller.ts
FN:23,(anonymous_4)
FN:27,(anonymous_5)
FN:36,(anonymous_6)
FN:42,(anonymous_7)
FN:48,(anonymous_8)
FN:58,(anonymous_9)
FN:64,(anonymous_10)
FNF:7
FNH:7
FNDA:10,(anonymous_4)
FNDA:1,(anonymous_5)
FNDA:1,(anonymous_6)
FNDA:1,(anonymous_7)
FNDA:1,(anonymous_8)
FNDA:1,(anonymous_9)
FNDA:1,(anonymous_10)
DA:1,2
DA:12,2
DA:13,2
DA:14,2
DA:15,2
DA:16,2
DA:17,2
DA:18,2
DA:19,2
DA:22,2
DA:23,10
DA:27,2
DA:31,1
DA:36,2
DA:37,1
DA:42,2
DA:43,1
DA:48,2
DA:53,1
DA:58,2
DA:59,1
DA:64,2
DA:65,1
LF:23
LH:23
BRF:0
BRH:0
end_of_record
TN:
SF:src/rentals/rentals.module.ts
FNF:0
FNH:0
DA:1,0
DA:2,0
DA:4,0
DA:5,0
DA:6,0
DA:7,0
DA:8,0
DA:9,0
DA:10,0
DA:11,0
DA:27,0
LF:11
LH:0
BRF:0
BRH:0
end_of_record
TN:
SF:src/rentals/rentals.service.ts
FN:25,(anonymous_4)
FN:35,(anonymous_5)
FN:69,(anonymous_6)
FN:76,(anonymous_7)
FN:93,(anonymous_8)
FN:124,(anonymous_9)
FN:134,(anonymous_10)
FNF:7
FNH:7
FNDA:17,(anonymous_4)
FNDA:4,(anonymous_5)
FNDA:1,(anonymous_6)
FNDA:1,(anonymous_7)
FNDA:3,(anonymous_8)
FNDA:1,(anonymous_9)
FNDA:1,(anonymous_10)
DA:1,3
DA:8,3
DA:9,3
DA:11,3
DA:13,3
DA:16,3
DA:18,3
DA:19,3
DA:22,3
DA:23,17
DA:27,17
DA:30,17
DA:31,17
DA:32,17
DA:36,4
DA:38,4
DA:39,1
DA:42,3
DA:43,1
DA:46,2
DA:47,1
DA:50,1
DA:58,1
DA:60,1
DA:62,1
DA:64,1
DA:66,1
DA:70,1
DA:77,1
DA:79,1
DA:80,1
DA:81,1
DA:82,1
DA:83,0
DA:84,0
DA:87,1
DA:98,3
DA:103,3
DA:105,2
DA:109,1
DA:112,1
DA:113,0
DA:114,0
DA:120,1
DA:121,1
DA:125,1
DA:139,1
DA:144,1
DA:151,1
LF:49
LH:45
BRDA:38,0,0,1
BRDA:42,1,0,1
BRDA:46,2,0,1
BRDA:80,3,0,1
BRDA:81,4,0,1
BRDA:81,4,1,0
BRDA:81,5,0,1
BRDA:81,5,1,1
BRDA:83,6,0,0
BRDA:103,7,0,1
BRDA:105,8,0,1
BRDA:106,9,0,2
BRDA:106,9,1,1
BRDA:112,10,0,1
BRDA:112,10,1,0
BRDA:112,11,0,1
BRDA:112,11,1,1
BRDA:113,12,0,0
BRDA:154,13,0,1
BRDA:154,13,1,0
BRF:20
BRH:15
end_of_record
TN:
SF:src/rentals/dto/create-rental.dto.ts
FN:8,(anonymous_2)
FN:12,(anonymous_3)
FNF:2
FNH:0
FNDA:0,(anonymous_2)
FNDA:0,(anonymous_3)
DA:1,3
DA:2,3
DA:4,3
DA:6,3
DA:8,0
DA:10,3
DA:12,0
DA:14,3
LF:8
LH:6
BRF:0
BRH:0
end_of_record
TN:
SF:src/rentals/dto/filter-rental.dto.ts
FNF:0
FNH:0
DA:1,2
DA:3,2
DA:6,2
DA:10,2
DA:14,2
LF:5
LH:5
BRF:0
BRH:0
end_of_record
TN:
SF:src/rentals/dto/update-rental-status.dto.ts
FNF:0
FNH:0
DA:1,2
DA:3,2
DA:5,2
LF:3
LH:3
BRF:0
BRH:0
end_of_record
TN:
SF:src/rentals/entities/rental.entity.ts
FN:17,(anonymous_2)
FN:20,(anonymous_3)
FN:23,(anonymous_4)
FNF:3
FNH:0
FNDA:0,(anonymous_2)
FNDA:0,(anonymous_3)
FNDA:0,(anonymous_4)
DA:1,15
DA:9,15
DA:10,15
DA:13,15
DA:15,15
DA:17,0
DA:18,15
DA:20,0
DA:21,15
DA:23,0
DA:24,15
DA:27,15
DA:30,15
DA:33,15
DA:36,15
DA:39,15
DA:42,15
DA:45,15
DA:48,15
DA:51,15
LF:20
LH:17
BRF:0
BRH:0
end_of_record
TN:
SF:src/roles/roles.controller.ts
FN:22,(anonymous_4)
FN:31,(anonymous_5)
FN:41,(anonymous_6)
FN:52,(anonymous_7)
FN:64,(anonymous_8)
FN:75,(anonymous_9)
FNF:6
FNH:6
FNDA:6,(anonymous_4)
FNDA:1,(anonymous_5)
FNDA:1,(anonymous_6)
FNDA:1,(anonymous_7)
FNDA:1,(anonymous_8)
FNDA:1,(anonymous_9)
DA:1,2
DA:10,2
DA:12,2
DA:13,2
DA:14,2
DA:15,2
DA:16,2
DA:21,2
DA:22,6
DA:31,2
DA:32,1
DA:41,2
DA:42,1
DA:52,2
DA:53,1
DA:64,2
DA:65,1
DA:75,2
DA:76,1
LF:19
LH:19
BRF:0
BRH:0
end_of_record
TN:
SF:src/roles/roles.module.ts
FNF:0
FNH:0
DA:1,1
DA:2,1
DA:4,1
DA:5,1
DA:6,1
DA:14,1
LF:6
LH:6
BRF:0
BRH:0
end_of_record
TN:
SF:src/roles/roles.service.ts
FN:15,(anonymous_4)
FN:20,(anonymous_5)
FN:34,(anonymous_6)
FN:38,(anonymous_7)
FN:46,(anonymous_8)
FN:51,(anonymous_9)
FN:57,(anonymous_10)
FNF:7
FNH:7
FNDA:9,(anonymous_4)
FNDA:2,(anonymous_5)
FNDA:1,(anonymous_6)
FNDA:4,(anonymous_7)
FNDA:1,(anonymous_8)
FNDA:1,(anonymous_9)
FNDA:1,(anonymous_10)
DA:1,5
DA:6,5
DA:7,5
DA:9,5
DA:14,5
DA:17,9
DA:22,2
DA:26,2
DA:27,1
DA:30,1
DA:31,1
DA:35,1
DA:39,4
DA:40,4
DA:41,1
DA:43,3
DA:47,1
DA:48,1
DA:52,1
DA:53,1
DA:58,1
LF:21
LH:21
BRDA:26,0,0,1
BRDA:40,1,0,1
BRF:2
BRH:2
end_of_record
TN:
SF:src/roles/dto/create-role.dto.ts
FNF:0
FNH:0
DA:1,2
DA:2,2
DA:4,2
DA:10,2
DA:19,2
DA:28,2
LF:6
LH:6
BRF:0
BRH:0
end_of_record
TN:
SF:src/roles/dto/update-role.dto.ts
FNF:0
FNH:0
DA:1,2
DA:2,2
DA:3,2
DA:4,2
DA:6,2
DA:16,2
LF:6
LH:6
BRF:0
BRH:0
end_of_record
TN:
SF:src/roles/entities/role.entity.ts
FNF:0
FNH:0
DA:1,5
DA:5,5
DA:7,5
DA:10,5
DA:13,5
DA:16,5
LF:6
LH:6
BRF:0
BRH:0
end_of_record
TN:
SF:src/users/users.controller.ts
FN:11,(anonymous_4)
FN:14,(anonymous_5)
FN:19,(anonymous_6)
FN:24,(anonymous_7)
FN:30,(anonymous_8)
FN:36,(anonymous_9)
FNF:6
FNH:6
FNDA:6,(anonymous_4)
FNDA:1,(anonymous_5)
FNDA:1,(anonymous_6)
FNDA:1,(anonymous_7)
FNDA:1,(anonymous_8)
FNDA:1,(anonymous_9)
DA:1,2
DA:3,2
DA:4,2
DA:5,2
DA:6,2
DA:10,2
DA:11,6
DA:14,2
DA:15,1
DA:19,2
DA:20,1
DA:24,2
DA:25,1
DA:30,2
DA:31,1
DA:36,2
DA:37,1
LF:17
LH:17
BRF:0
BRH:0
end_of_record
TN:
SF:src/users/users.module.ts
FNF:0
FNH:0
DA:1,1
DA:2,1
DA:4,1
DA:5,1
DA:6,1
DA:14,1
LF:6
LH:6
BRF:0
BRH:0
end_of_record
TN:
SF:src/users/users.service.ts
FN:17,(anonymous_4)
FN:21,(anonymous_5)
FN:38,(anonymous_6)
FN:42,(anonymous_7)
FN:48,(anonymous_8)
FN:75,(anonymous_9)
FN:80,(anonymous_10)
FN:91,(anonymous_11)
FN:97,(anonymous_12)
FN:103,(anonymous_13)
FNF:10
FNH:6
FNDA:16,(anonymous_4)
FNDA:0,(anonymous_5)
FNDA:1,(anonymous_6)
FNDA:2,(anonymous_7)
FNDA:1,(anonymous_8)
FNDA:1,(anonymous_9)
FNDA:1,(anonymous_10)
FNDA:0,(anonymous_11)
FNDA:0,(anonymous_12)
FNDA:0,(anonymous_13)
DA:1,5
DA:7,5
DA:8,5
DA:9,5
DA:11,5
DA:16,5
DA:18,16
DA:22,0
DA:23,0
DA:24,0
DA:26,0
DA:32,0
DA:34,0
DA:39,1
DA:43,2
DA:44,2
DA:45,2
DA:49,1
DA:51,1
DA:52,0
DA:53,0
DA:56,1
DA:61,1
DA:63,1
DA:64,1
DA:65,1
DA:66,1
DA:71,0
DA:76,1
DA:77,1
DA:81,1
DA:84,1
DA:85,0
DA:88,1
DA:92,0
DA:93,0
DA:94,0
DA:98,0
DA:99,0
DA:100,0
DA:104,0
DA:105,0
DA:107,0
LF:43
LH:24
BRDA:29,0,0,0
BRDA:29,0,1,0
BRDA:44,1,0,0
BRDA:51,2,0,0
BRDA:61,3,0,0
BRDA:80,4,0,1
BRDA:84,5,0,0
BRDA:104,6,0,0
BRF:8
BRH:1
end_of_record
TN:
SF:src/users/dto/create-user.dto.ts
FNF:0
FNH:0
DA:2,0
DA:4,0
DA:7,0
DA:10,0
DA:14,0
DA:18,0
DA:22,0
DA:26,0
LF:8
LH:0
BRF:0
BRH:0
end_of_record
TN:
SF:src/users/dto/update-user.dto.ts
FNF:0
FNH:0
DA:1,3
DA:3,3
DA:7,3
DA:10,3
DA:14,3
DA:18,3
DA:22,3
LF:7
LH:7
BRF:0
BRH:0
end_of_record
TN:
SF:src/users/entities/user.entity.ts
FN:30,(anonymous_2)
FN:30,(anonymous_3)
FNF:2
FNH:0
FNDA:0,(anonymous_2)
FNDA:0,(anonymous_3)
DA:1,15
DA:2,15
DA:5,15
DA:7,15
DA:10,15
DA:13,15
DA:16,15
DA:19,15
DA:22,15
DA:25,15
DA:28,15
DA:30,0
DA:31,15
LF:13
LH:12
BRF:0
BRH:0
end_of_record
